<html>
<head>
<title>TestNG:  Your Test</title>
<link href="../testng.css" rel="stylesheet" type="text/css" />
<link href="../my-testng.css" rel="stylesheet" type="text/css" />

<style type="text/css">
.log { display: none;} 
.stack-trace { display: none;} 
</style>
<script type="text/javascript">
<!--
function flip(e) {
  current = e.style.display;
  if (current == 'block') {
    e.style.display = 'none';
    return 0;
  }
  else {
    e.style.display = 'block';
    return 1;
  }
}

function toggleBox(szDivId, elem, msg1, msg2)
{
  var res = -1;  if (document.getElementById) {
    res = flip(document.getElementById(szDivId));
  }
  else if (document.all) {
    // this is the way old msie versions work
    res = flip(document.all[szDivId]);
  }
  if(elem) {
    if(res == 0) elem.innerHTML = msg1; else elem.innerHTML = msg2;
  }

}

function toggleAllBoxes() {
  if (document.getElementsByTagName) {
    d = document.getElementsByTagName('div');
    for (i = 0; i < d.length; i++) {
      if (d[i].className == 'log') {
        flip(d[i]);
      }
    }
  }
}

// -->
</script>

</head>
<body>
<h2 align='center'>Your Test</h2><table border='1' align="center">
<tr>
<td>Tests passed/Failed/Skipped:</td><td>0/1/2</td>
</tr><tr>
<td>Started on:</td><td>Fri Mar 01 10:06:07 IST 2024</td>
</tr>
<tr><td>Total time:</td><td>17 seconds (17791 ms)</td>
</tr><tr>
<td>Included groups:</td><td></td>
</tr><tr>
<td>Excluded groups:</td><td></td>
</tr>
</table><p/>
<small><i>(Hover the method name to see the test class name)</i></small><p/>
<table width='100%' border='1' class='invocation-failed'>
<tr><td colspan='4' align='center'><b>FAILED TESTS</b></td></tr>
<tr><td><b>Test method</b></td>
<td width="30%"><b>Exception</b></td>
<td width="10%"><b>Time (seconds)</b></td>
<td><b>Instance</b></td>
</tr>
<tr>
<td title='runners.myrunner.runScenario()'><b>runScenario</b><br>Test class: runners.myrunner<br>Test method: Runs Cucumber Scenarios<br>Parameters: "Signup with invalid DOB", "User Signup"</td>
<td><div><pre>java.lang.AssertionError: actual and expected error did not match
	at mystepdefs.signup.i_should_see_an_error_message_indicating_please_match_the_requested_format(signup.java:127)
	at ✽.I should see an error message indicating please match the requested format(file:///C:/Users/hey1d/OneDrive/Desktop/learn/digitalbank/src/test/resources/features/tharun_signup/DOB.feature:7)
... Removed 1 stack frames</pre></div><a href='#' onClick='toggleBox("stack-trace816760435", this, "Click to show all stack frames", "Click to hide stack frames")'>Click to show all stack frames</a>
<div class='stack-trace' id='stack-trace816760435'><pre>java.lang.AssertionError: actual and expected error did not match
	at org.testng.Assert.fail(Assert.java:99)
	at mystepdefs.signup.i_should_see_an_error_message_indicating_please_match_the_requested_format(signup.java:127)
	at ✽.I should see an error message indicating please match the requested format(file:///C:/Users/hey1d/OneDrive/Desktop/learn/digitalbank/src/test/resources/features/tharun_signup/DOB.feature:7)
</pre></div></td>
<td>5</td>
<td>runners.myrunner@a1153bc</td></tr>
</table><p>
<table width='100%' border='1' class='invocation-skipped'>
<tr><td colspan='4' align='center'><b>SKIPPED TESTS</b></td></tr>
<tr><td><b>Test method</b></td>
<td width="30%"><b>Exception</b></td>
<td width="10%"><b>Time (seconds)</b></td>
<td><b>Instance</b></td>
</tr>
<tr>
<td title='runners.myrunner.runScenario()'><b>runScenario</b><br>Test class: runners.myrunner<br>Test method: Runs Cucumber Scenarios<br>Parameters: "Signup with invalid DOB", "User Signup"</td>
<td><div><pre>java.lang.AssertionError: actual and expected error did not match
	at mystepdefs.signup.i_should_see_an_error_message_indicating_please_match_the_requested_format(signup.java:127)
	at ✽.I should see an error message indicating please match the requested format(file:///C:/Users/hey1d/OneDrive/Desktop/learn/digitalbank/src/test/resources/features/tharun_signup/DOB.feature:7)
... Removed 1 stack frames</pre></div><a href='#' onClick='toggleBox("stack-trace1828438007", this, "Click to show all stack frames", "Click to hide stack frames")'>Click to show all stack frames</a>
<div class='stack-trace' id='stack-trace1828438007'><pre>java.lang.AssertionError: actual and expected error did not match
	at org.testng.Assert.fail(Assert.java:99)
	at mystepdefs.signup.i_should_see_an_error_message_indicating_please_match_the_requested_format(signup.java:127)
	at ✽.I should see an error message indicating please match the requested format(file:///C:/Users/hey1d/OneDrive/Desktop/learn/digitalbank/src/test/resources/features/tharun_signup/DOB.feature:7)
</pre></div></td>
<td>3</td>
<td>runners.myrunner@a1153bc</td></tr>
<tr>
<td title='runners.myrunner.runScenario()'><b>runScenario</b><br>Test class: runners.myrunner<br>Test method: Runs Cucumber Scenarios<br>Parameters: "Signup with invalid DOB", "User Signup"</td>
<td><div><pre>java.lang.AssertionError: actual and expected error did not match
	at mystepdefs.signup.i_should_see_an_error_message_indicating_please_match_the_requested_format(signup.java:127)
	at ✽.I should see an error message indicating please match the requested format(file:///C:/Users/hey1d/OneDrive/Desktop/learn/digitalbank/src/test/resources/features/tharun_signup/DOB.feature:7)
... Removed 1 stack frames</pre></div><a href='#' onClick='toggleBox("stack-trace1703458581", this, "Click to show all stack frames", "Click to hide stack frames")'>Click to show all stack frames</a>
<div class='stack-trace' id='stack-trace1703458581'><pre>java.lang.AssertionError: actual and expected error did not match
	at org.testng.Assert.fail(Assert.java:99)
	at mystepdefs.signup.i_should_see_an_error_message_indicating_please_match_the_requested_format(signup.java:127)
	at ✽.I should see an error message indicating please match the requested format(file:///C:/Users/hey1d/OneDrive/Desktop/learn/digitalbank/src/test/resources/features/tharun_signup/DOB.feature:7)
</pre></div></td>
<td>5</td>
<td>runners.myrunner@a1153bc</td></tr>
</table><p>
</body>
</html>